<?xml version="1.0" encoding="UTF-8"?>
<testsuite xmlns:xsi="http://www.w3.org/2001/XMLSchema-instance" xsi:noNamespaceSchemaLocation="https://maven.apache.org/surefire/maven-surefire-plugin/xsd/surefire-test-report-3.0.xsd" version="3.0" name="com.example.lectureevaluationdev.LectureEvaluationDevApplicationTests" time="30.224" tests="1" errors="0" skipped="0" failures="0">
  <properties>
[...]
</properties>
  <testcase name="contextLoads" classname="com.example.lectureevaluationdev.LectureEvaluationDevApplicationTests" time="1.824">
    <system-out><![CDATA[03:26:02.738 [main] INFO org.springframework.test.context.support.AnnotationConfigContextLoaderUtils -- Could not detect default configuration classes for test class [com.example.lectureevaluationdev.LectureEvaluationDevApplicationTests]: LectureEvaluationDevApplicationTests does not declare any static, non-private, non-final, nested classes annotated with @Configuration.
03:26:03.285 [main] INFO org.springframework.boot.test.context.SpringBootTestContextBootstrapper -- Found @SpringBootConfiguration com.example.lectureevaluationdev.LectureEvaluationDevApplication for test class com.example.lectureevaluationdev.LectureEvaluationDevApplicationTests

  .   ____          _            __ _ _
 /\\ / ___'_ __ _ _(_)_ __  __ _ \ \ \ \
( ( )\___ | '_ | '_| | '_ \/ _` | \ \ \ \
 \\/  ___)| |_)| | | | | || (_| |  ) ) ) )
  '  |____| .__|_| |_|_| |_\__, | / / / /
 =========|_|==============|___/=/_/_/_/
 :: Spring Boot ::                (v3.1.0)

2023-07-13T03:26:04.718+09:00  INFO 7712 --- [           main] e.l.LectureEvaluationDevApplicationTests : Starting LectureEvaluationDevApplicationTests using Java 17.0.2 with PID 7712 (started by dlgot in D:\hackathon)
2023-07-13T03:26:04.726+09:00  INFO 7712 --- [           main] e.l.LectureEvaluationDevApplicationTests : No active profile set, falling back to 1 default profile: "default"
2023-07-13T03:26:07.064+09:00  INFO 7712 --- [           main] .s.d.r.c.RepositoryConfigurationDelegate : Bootstrapping Spring Data JPA repositories in DEFAULT mode.
2023-07-13T03:26:07.224+09:00  INFO 7712 --- [           main] .s.d.r.c.RepositoryConfigurationDelegate : Finished Spring Data repository scanning in 137 ms. Found 3 JPA repository interfaces.
2023-07-13T03:26:09.420+09:00  INFO 7712 --- [           main] o.hibernate.jpa.internal.util.LogHelper  : HHH000204: Processing PersistenceUnitInfo [name: default]
2023-07-13T03:26:09.664+09:00  INFO 7712 --- [           main] org.hibernate.Version                    : HHH000412: Hibernate ORM core version 6.2.2.Final
2023-07-13T03:26:09.671+09:00  INFO 7712 --- [           main] org.hibernate.cfg.Environment            : HHH000406: Using bytecode reflection optimizer
2023-07-13T03:26:10.806+09:00  INFO 7712 --- [           main] o.h.b.i.BytecodeProviderInitiator        : HHH000021: Bytecode provider name : bytebuddy
2023-07-13T03:26:11.309+09:00  INFO 7712 --- [           main] o.s.o.j.p.SpringPersistenceUnitInfo      : No LoadTimeWeaver setup: ignoring JPA class transformer
2023-07-13T03:26:13.293+09:00  INFO 7712 --- [           main] org.hibernate.orm.dialect                : HHH035001: Using dialect: org.hibernate.dialect.MySQLDialect, version: 8.0
2023-07-13T03:26:14.980+09:00  INFO 7712 --- [           main] o.h.b.i.BytecodeProviderInitiator        : HHH000021: Bytecode provider name : bytebuddy
2023-07-13T03:26:22.618+09:00  INFO 7712 --- [           main] o.h.e.t.j.p.i.JtaPlatformInitiator       : HHH000490: Using JtaPlatform implementation: [org.hibernate.engine.transaction.jta.platform.internal.NoJtaPlatform]
2023-07-13T03:26:22.628+09:00  INFO 7712 --- [           main] j.LocalContainerEntityManagerFactoryBean : Initialized JPA EntityManagerFactory for persistence unit 'default'
2023-07-13T03:26:23.958+09:00  INFO 7712 --- [           main] o.s.d.j.r.query.QueryEnhancerFactory     : Hibernate is in classpath; If applicable, HQL parser will be used.
2023-07-13T03:26:28.857+09:00  WARN 7712 --- [           main] JpaBaseConfiguration$JpaWebConfiguration : spring.jpa.open-in-view is enabled by default. Therefore, database queries may be performed during view rendering. Explicitly configure spring.jpa.open-in-view to disable this warning
2023-07-13T03:26:30.479+09:00  INFO 7712 --- [           main] e.l.LectureEvaluationDevApplicationTests : Started LectureEvaluationDevApplicationTests in 26.57 seconds (process running for 30.552)
]]></system-out>
  </testcase>
</testsuite>